INFO: [VRFC 10-2263] Analyzing Verilog file "/home/jin/lab5.srcs/sources_1/new/CPU.v" into library xil_defaultlib
INFO: [VRFC 10-311] analyzing module CPU
INFO: [VRFC 10-311] analyzing module control_unit
INFO: [VRFC 10-311] analyzing module mux_imm
INFO: [VRFC 10-311] analyzing module imm_extend
INFO: [VRFC 10-311] analyzing module ALU
INFO: [VRFC 10-311] analyzing module regfile
INFO: [VRFC 10-311] analyzing module mux_sa
INFO: [VRFC 10-311] analyzing module scdatamem
INFO: [VRFC 10-311] analyzing module data_mux
INFO: [VRFC 10-311] analyzing module mux_rf
INFO: [VRFC 10-311] analyzing module pc_select
INFO: [VRFC 10-311] analyzing module inst_mem
INFO: [VRFC 10-2263] Analyzing Verilog file "/home/jin/lab5.srcs/sources_1/new/cpu_tb.v" into library xil_defaultlib
INFO: [VRFC 10-311] analyzing module CPU
WARNING: [VRFC 10-3609] overwriting previous definition of module 'CPU' [/home/jin/lab5.srcs/sources_1/new/CPU.v:23]
INFO: [VRFC 10-311] analyzing module control_unit
WARNING: [VRFC 10-3609] overwriting previous definition of module 'control_unit' [/home/jin/lab5.srcs/sources_1/new/CPU.v:130]
INFO: [VRFC 10-311] analyzing module mux_imm
WARNING: [VRFC 10-3609] overwriting previous definition of module 'mux_imm' [/home/jin/lab5.srcs/sources_1/new/CPU.v:364]
INFO: [VRFC 10-311] analyzing module imm_extend
WARNING: [VRFC 10-3609] overwriting previous definition of module 'imm_extend' [/home/jin/lab5.srcs/sources_1/new/CPU.v:384]
INFO: [VRFC 10-311] analyzing module ALU
WARNING: [VRFC 10-3609] overwriting previous definition of module 'ALU' [/home/jin/lab5.srcs/sources_1/new/CPU.v:396]
INFO: [VRFC 10-311] analyzing module regfile
WARNING: [VRFC 10-3609] overwriting previous definition of module 'regfile' [/home/jin/lab5.srcs/sources_1/new/CPU.v:454]
INFO: [VRFC 10-311] analyzing module mux_sa
WARNING: [VRFC 10-3609] overwriting previous definition of module 'mux_sa' [/home/jin/lab5.srcs/sources_1/new/CPU.v:511]
INFO: [VRFC 10-311] analyzing module scdatamem
WARNING: [VRFC 10-3609] overwriting previous definition of module 'scdatamem' [/home/jin/lab5.srcs/sources_1/new/CPU.v:562]
INFO: [VRFC 10-311] analyzing module data_mux
WARNING: [VRFC 10-3609] overwriting previous definition of module 'data_mux' [/home/jin/lab5.srcs/sources_1/new/CPU.v:586]
INFO: [VRFC 10-311] analyzing module mux_rf
WARNING: [VRFC 10-3609] overwriting previous definition of module 'mux_rf' [/home/jin/lab5.srcs/sources_1/new/CPU.v:602]
INFO: [VRFC 10-311] analyzing module pc_select
WARNING: [VRFC 10-3609] overwriting previous definition of module 'pc_select' [/home/jin/lab5.srcs/sources_1/new/CPU.v:622]
INFO: [VRFC 10-311] analyzing module inst_mem
WARNING: [VRFC 10-3609] overwriting previous definition of module 'inst_mem' [/home/jin/lab5.srcs/sources_1/new/CPU.v:678]
INFO: [VRFC 10-311] analyzing module cpu_tb
